<?xml version="1.0" encoding="UTF-8"?>
<!-- Generated by org.testng.reporters.JUnitXMLReporter -->
<testsuite ignored="0" hostname="DESKTOP-92N64IC" failures="0" tests="23" name="Test_2" time="9.012" errors="0" timestamp="22 Jul 2024 11:25:54 GMT">
  <testcase classname="Mytestpackage.DropdownTest" name="@BeforeTest setup" time="8.765">
    <failure type="org.openqa.selenium.NoSuchWindowException" message="no such window: target window already closed
from unknown error: web view not found
  (Session info: chrome=126.0.6478.128)
Build info: version: &amp;apos;3.141.59&amp;apos;, revision: &amp;apos;e82be7d358&amp;apos;, time: &amp;apos;2018-11-14T08:17:03&amp;apos;
System info: host: &amp;apos;DESKTOP-92N64IC&amp;apos;, ip: &amp;apos;192.168.0.138&amp;apos;, os.name: &amp;apos;Windows 11&amp;apos;, os.arch: &amp;apos;amd64&amp;apos;, os.version: &amp;apos;10.0&amp;apos;, java.version: &amp;apos;17.0.9&amp;apos;
Driver info: org.openqa.selenium.chrome.ChromeDriver
Capabilities {acceptInsecureCerts: false, browserName: chrome, browserVersion: 126.0.6478.128, chrome: {chromedriverVersion: 125.0.6422.141 (4b1e8393712..., userDataDir: C:\Users\Dell\AppData\Local...}, fedcm:accounts: true, goog:chromeOptions: {debuggerAddress: localhost:62180}, javascriptEnabled: true, networkConnectionEnabled: false, pageLoadStrategy: normal, platform: WINDOWS, platformName: WINDOWS, proxy: Proxy(), setWindowRect: true, strictFileInteractability: false, timeouts: {implicit: 0, pageLoad: 300000, script: 30000}, unhandledPromptBehavior: dismiss and notify, webauthn:extension:credBlob: true, webauthn:extension:largeBlob: true, webauthn:extension:minPinLength: true, webauthn:extension:prf: true, webauthn:virtualAuthenticators: true}
Session ID: 6bc4fa1df1daa503a0b2a353d3b35abf
*** Element info: {Using=xpath, value=//span[contains(text(),&amp;apos;ADD NEW KRA&amp;apos;)]}">
      <![CDATA[org.openqa.selenium.NoSuchWindowException: no such window: target window already closed
from unknown error: web view not found
  (Session info: chrome=126.0.6478.128)
Build info: version: '3.141.59', revision: 'e82be7d358', time: '2018-11-14T08:17:03'
System info: host: 'DESKTOP-92N64IC', ip: '192.168.0.138', os.name: 'Windows 11', os.arch: 'amd64', os.version: '10.0', java.version: '17.0.9'
Driver info: org.openqa.selenium.chrome.ChromeDriver
Capabilities {acceptInsecureCerts: false, browserName: chrome, browserVersion: 126.0.6478.128, chrome: {chromedriverVersion: 125.0.6422.141 (4b1e8393712..., userDataDir: C:\Users\Dell\AppData\Local...}, fedcm:accounts: true, goog:chromeOptions: {debuggerAddress: localhost:62180}, javascriptEnabled: true, networkConnectionEnabled: false, pageLoadStrategy: normal, platform: WINDOWS, platformName: WINDOWS, proxy: Proxy(), setWindowRect: true, strictFileInteractability: false, timeouts: {implicit: 0, pageLoad: 300000, script: 30000}, unhandledPromptBehavior: dismiss and notify, webauthn:extension:credBlob: true, webauthn:extension:largeBlob: true, webauthn:extension:minPinLength: true, webauthn:extension:prf: true, webauthn:virtualAuthenticators: true}
Session ID: 6bc4fa1df1daa503a0b2a353d3b35abf
*** Element info: {Using=xpath, value=//span[contains(text(),'ADD NEW KRA')]}
at org.openqa.selenium.remote.http.W3CHttpResponseCodec.createException(W3CHttpResponseCodec.java:187)
at org.openqa.selenium.remote.http.W3CHttpResponseCodec.decode(W3CHttpResponseCodec.java:122)
at org.openqa.selenium.remote.http.W3CHttpResponseCodec.decode(W3CHttpResponseCodec.java:49)
at org.openqa.selenium.remote.HttpCommandExecutor.execute(HttpCommandExecutor.java:158)
at org.openqa.selenium.remote.service.DriverCommandExecutor.execute(DriverCommandExecutor.java:83)
at org.openqa.selenium.remote.RemoteWebDriver.execute(RemoteWebDriver.java:552)
at org.openqa.selenium.remote.RemoteWebDriver.findElement(RemoteWebDriver.java:323)
at org.openqa.selenium.remote.RemoteWebDriver.findElementByXPath(RemoteWebDriver.java:428)
at org.openqa.selenium.By$ByXPath.findElement(By.java:353)
at org.openqa.selenium.remote.RemoteWebDriver.findElement(RemoteWebDriver.java:315)
at Mytestpackage.DropdownTest.setup(DropdownTest.java:34)
... Removed 29 stack frames]]>
    </failure>
  </testcase> <!-- @BeforeTest setup -->
  <testcase classname="Basic.EmpNormalFlowTest" name="@BeforeTest AddGoalPlan" time="0.0">
    <skipped/>
  </testcase> <!-- @BeforeTest AddGoalPlan -->
  <testcase classname="Mytestpackage.Homepagetest" name="@BeforeTest setup" time="0.0">
    <skipped/>
  </testcase> <!-- @BeforeTest setup -->
  <testcase classname="_360DFeedback.Respons_totheForm_Test" name="@BeforeTest setUp" time="0.0">
    <skipped/>
  </testcase> <!-- @BeforeTest setUp -->
  <testcase classname="_360DFeedback.Send360formtoEmployess_Test" name="@BeforeTest setUp" time="0.0">
    <skipped/>
  </testcase> <!-- @BeforeTest setUp -->
  <testcase classname="normalFlowTest.addGoalPla_CreatePMSCycleTest" name="@BeforeTest setUp" time="0.0">
    <skipped/>
  </testcase> <!-- @BeforeTest setUp -->
  <testcase classname="Mytestpackage.addNewGoaltest" name="@BeforeTest setup" time="0.0">
    <skipped/>
  </testcase> <!-- @BeforeTest setup -->
  <testcase classname="Mytestpackage.degreeFedback360pagetest" name="@BeforeTest setup" time="0.0">
    <skipped/>
  </testcase> <!-- @BeforeTest setup -->
  <testcase classname="normalFlowTest.employeeFlow_Test" name="@BeforeTest setUp" time="0.0">
    <skipped/>
  </testcase> <!-- @BeforeTest setUp -->
  <testcase classname="normalFlowTest.managerFlow_Test" name="@BeforeTest setUp" time="0.0">
    <skipped/>
  </testcase> <!-- @BeforeTest setUp -->
  <testcase classname="ManagerTestPage.managertestHomePage" name="@BeforeTest setup" time="0.0">
    <skipped/>
  </testcase> <!-- @BeforeTest setup -->
  <testcase classname="_360DFeedback.Send360formtoEmployess_Test" name="@AfterClass teardown" time="0.0">
    <skipped/>
  </testcase> <!-- @AfterClass teardown -->
  <testcase classname="_360DFeedback.Respons_totheForm_Test" name="@AfterClass teardown" time="0.0">
    <skipped/>
  </testcase> <!-- @AfterClass teardown -->
  <testcase classname="Mytestpackage.DropdownTest" name="@AfterTest tearDown" time="0.0">
    <skipped/>
  </testcase> <!-- @AfterTest tearDown -->
  <testcase classname="Basic.EmpNormalFlowTest" name="@AfterTest tearDown" time="0.0">
    <skipped/>
  </testcase> <!-- @AfterTest tearDown -->
  <testcase classname="Mytestpackage.Homepagetest" name="@AfterTest tearDown" time="0.0">
    <skipped/>
  </testcase> <!-- @AfterTest tearDown -->
  <testcase classname="normalFlowTest.addGoalPla_CreatePMSCycleTest" name="@AfterTest tearDown" time="0.0">
    <skipped/>
  </testcase> <!-- @AfterTest tearDown -->
  <testcase classname="Mytestpackage.addNewGoaltest" name="@AfterTest tearDown" time="0.0">
    <skipped/>
  </testcase> <!-- @AfterTest tearDown -->
  <testcase classname="Mytestpackage.degreeFedback360pagetest" name="@AfterTest tearDown" time="0.0">
    <skipped/>
  </testcase> <!-- @AfterTest tearDown -->
  <testcase classname="normalFlowTest.employeeFlow_Test" name="@AfterTest tearDown" time="0.0">
    <skipped/>
  </testcase> <!-- @AfterTest tearDown -->
  <testcase classname="normalFlowTest.managerFlow_Test" name="@AfterTest tearDown" time="0.0">
    <skipped/>
  </testcase> <!-- @AfterTest tearDown -->
  <testcase classname="ManagerTestPage.managertestHomePage" name="@AfterTest tearDown" time="0.0">
    <skipped/>
  </testcase> <!-- @AfterTest tearDown -->
  <testcase classname="_360DFeedback.Send360formtoEmployess_Test" name="send360form" time="0.0">
    <skipped/>
  </testcase> <!-- send360form -->
  <testcase classname="_360DFeedback.Respons_totheForm_Test" name="Responsto_360form" time="0.0">
    <skipped/>
  </testcase> <!-- Responsto_360form -->
  <testcase classname="Mytestpackage.Homepagetest" name="Emp360feedback" time="0.0">
    <skipped/>
  </testcase> <!-- Emp360feedback -->
  <testcase classname="Mytestpackage.Homepagetest" name="EmpADDNEWKRA" time="0.0">
    <skipped/>
  </testcase> <!-- EmpADDNEWKRA -->
  <testcase classname="Mytestpackage.Homepagetest" name="EmpASSIGNEDBY" time="0.0">
    <skipped/>
  </testcase> <!-- EmpASSIGNEDBY -->
  <testcase classname="Mytestpackage.Homepagetest" name="EmpActions" time="0.0">
    <skipped/>
  </testcase> <!-- EmpActions -->
  <testcase classname="Mytestpackage.Homepagetest" name="EmpAtRisk" time="0.0">
    <skipped/>
  </testcase> <!-- EmpAtRisk -->
  <testcase classname="Mytestpackage.Homepagetest" name="EmpBehind" time="0.0">
    <skipped/>
  </testcase> <!-- EmpBehind -->
  <testcase classname="Mytestpackage.Homepagetest" name="EmpClosed" time="0.0">
    <skipped/>
  </testcase> <!-- EmpClosed -->
  <testcase classname="Mytestpackage.Homepagetest" name="EmpCumulativeReports" time="0.0">
    <skipped/>
  </testcase> <!-- EmpCumulativeReports -->
  <testcase classname="Mytestpackage.Homepagetest" name="EmpLogOut" time="0.0">
    <skipped/>
  </testcase> <!-- EmpLogOut -->
  <testcase classname="Mytestpackage.Homepagetest" name="EmpMYGoal" time="0.0">
    <skipped/>
  </testcase> <!-- EmpMYGoal -->
  <testcase classname="Mytestpackage.Homepagetest" name="EmpNotApproved" time="0.0">
    <skipped/>
  </testcase> <!-- EmpNotApproved -->
  <testcase classname="Mytestpackage.Homepagetest" name="EmpNotStarted" time="0.0">
    <skipped/>
  </testcase> <!-- EmpNotStarted -->
  <testcase classname="Mytestpackage.Homepagetest" name="EmpOnTrack" time="0.0">
    <skipped/>
  </testcase> <!-- EmpOnTrack -->
  <testcase classname="Mytestpackage.Homepagetest" name="EmpPROGRESSSCORE" time="0.0">
    <skipped/>
  </testcase> <!-- EmpPROGRESSSCORE -->
  <testcase classname="Mytestpackage.Homepagetest" name="EmpPolicyDocs" time="0.0">
    <skipped/>
  </testcase> <!-- EmpPolicyDocs -->
  <testcase classname="Mytestpackage.Homepagetest" name="EmpPostponed" time="0.0">
    <skipped/>
  </testcase> <!-- EmpPostponed -->
  <testcase classname="Mytestpackage.Homepagetest" name="EmpProfileSettings" time="0.0">
    <skipped/>
  </testcase> <!-- EmpProfileSettings -->
  <testcase classname="Mytestpackage.Homepagetest" name="EmpTotal" time="0.0">
    <skipped/>
  </testcase> <!-- EmpTotal -->
  <testcase classname="Mytestpackage.Homepagetest" name="EmpstatusTest" time="0.0">
    <skipped/>
  </testcase> <!-- EmpstatusTest -->
  <testcase classname="Mytestpackage.Homepagetest" name="SubmitSelfAssessment" time="0.0">
    <skipped/>
  </testcase> <!-- SubmitSelfAssessment -->
  <testcase classname="Mytestpackage.Homepagetest" name="empgreetings" time="0.0">
    <skipped/>
  </testcase> <!-- empgreetings -->
</testsuite> <!-- Test_2 -->
