<?xml version="1.0" encoding="UTF-8"?>
<!-- Generated by org.testng.reporters.JUnitReportReporter -->
<testsuite hostname="DESKTOP-92N64IC" failures="0" tests="22" name="Mytestpackage.Homepagetest" time="9.186" errors="1" timestamp="05 Jun 2024 12:32:19 GMT" skipped="21">
  <testcase classname="Mytestpackage.Homepagetest" name="EmpActions" time="0.000">
    <skipped/>
  </testcase> <!-- EmpActions -->
  <testcase classname="Mytestpackage.Homepagetest" name="EmpTotal" time="0.000">
    <skipped/>
  </testcase> <!-- EmpTotal -->
  <testcase classname="Mytestpackage.Homepagetest" name="setup" time="9.186">
    <error message="unknown error: net::ERR_CONNECTION_REFUSED
  (Session info: chrome=125.0.6422.142)
Build info: version: &#039;3.141.59&#039;, revision: &#039;e82be7d358&#039;, time: &#039;2018-11-14T08:17:03&#039;
System info: host: &#039;DESKTOP-92N64IC&#039;, ip: &#039;192.168.0.149&#039;, os.name: &#039;Windows 11&#039;, os.arch: &#039;amd64&#039;, os.version: &#039;10.0&#039;, java.version: &#039;11.0.23&#039;
Driver info: org.openqa.selenium.chrome.ChromeDriver
Capabilities {acceptInsecureCerts: false, browserName: chrome, browserVersion: 125.0.6422.142, chrome: {chromedriverVersion: 125.0.6422.141 (4b1e8393712..., userDataDir: C:\Users\Dell\AppData\Local...}, fedcm:accounts: true, goog:chromeOptions: {debuggerAddress: localhost:55845}, javascriptEnabled: true, networkConnectionEnabled: false, pageLoadStrategy: normal, platform: WINDOWS, platformName: WINDOWS, proxy: Proxy(), setWindowRect: true, strictFileInteractability: false, timeouts: {implicit: 0, pageLoad: 300000, script: 30000}, unhandledPromptBehavior: dismiss and notify, webauthn:extension:credBlob: true, webauthn:extension:largeBlob: true, webauthn:extension:minPinLength: true, webauthn:extension:prf: true, webauthn:virtualAuthenticators: true}
Session ID: 307b49dd4931c70c17af04d89561c805" type="org.openqa.selenium.WebDriverException">
      <![CDATA[org.openqa.selenium.WebDriverException: unknown error: net::ERR_CONNECTION_REFUSED
  (Session info: chrome=125.0.6422.142)
Build info: version: '3.141.59', revision: 'e82be7d358', time: '2018-11-14T08:17:03'
System info: host: 'DESKTOP-92N64IC', ip: '192.168.0.149', os.name: 'Windows 11', os.arch: 'amd64', os.version: '10.0', java.version: '11.0.23'
Driver info: org.openqa.selenium.chrome.ChromeDriver
Capabilities {acceptInsecureCerts: false, browserName: chrome, browserVersion: 125.0.6422.142, chrome: {chromedriverVersion: 125.0.6422.141 (4b1e8393712..., userDataDir: C:\Users\Dell\AppData\Local...}, fedcm:accounts: true, goog:chromeOptions: {debuggerAddress: localhost:55845}, javascriptEnabled: true, networkConnectionEnabled: false, pageLoadStrategy: normal, platform: WINDOWS, platformName: WINDOWS, proxy: Proxy(), setWindowRect: true, strictFileInteractability: false, timeouts: {implicit: 0, pageLoad: 300000, script: 30000}, unhandledPromptBehavior: dismiss and notify, webauthn:extension:credBlob: true, webauthn:extension:largeBlob: true, webauthn:extension:minPinLength: true, webauthn:extension:prf: true, webauthn:virtualAuthenticators: true}
Session ID: 307b49dd4931c70c17af04d89561c805
at java.base/jdk.internal.reflect.NativeConstructorAccessorImpl.newInstance0(Native Method)
at java.base/jdk.internal.reflect.NativeConstructorAccessorImpl.newInstance(NativeConstructorAccessorImpl.java:62)
at java.base/jdk.internal.reflect.DelegatingConstructorAccessorImpl.newInstance(DelegatingConstructorAccessorImpl.java:45)
at java.base/java.lang.reflect.Constructor.newInstance(Constructor.java:490)
at org.openqa.selenium.remote.http.W3CHttpResponseCodec.createException(W3CHttpResponseCodec.java:187)
at org.openqa.selenium.remote.http.W3CHttpResponseCodec.decode(W3CHttpResponseCodec.java:122)
at org.openqa.selenium.remote.http.W3CHttpResponseCodec.decode(W3CHttpResponseCodec.java:49)
at org.openqa.selenium.remote.HttpCommandExecutor.execute(HttpCommandExecutor.java:158)
at org.openqa.selenium.remote.service.DriverCommandExecutor.execute(DriverCommandExecutor.java:83)
at org.openqa.selenium.remote.RemoteWebDriver.execute(RemoteWebDriver.java:552)
at org.openqa.selenium.remote.RemoteWebDriver.get(RemoteWebDriver.java:277)
at Factory.DriverFactory.initDriver(DriverFactory.java:39)
at Mytestpackage.Homepagetest.setup(Homepagetest.java:30)
at java.base/jdk.internal.reflect.NativeMethodAccessorImpl.invoke0(Native Method)
at java.base/jdk.internal.reflect.NativeMethodAccessorImpl.invoke(NativeMethodAccessorImpl.java:62)
at java.base/jdk.internal.reflect.DelegatingMethodAccessorImpl.invoke(DelegatingMethodAccessorImpl.java:43)
at java.base/java.lang.reflect.Method.invoke(Method.java:566)
at org.testng.internal.MethodInvocationHelper.invokeMethod(MethodInvocationHelper.java:124)
at org.testng.internal.MethodInvocationHelper.invokeMethodConsideringTimeout(MethodInvocationHelper.java:59)
at org.testng.internal.Invoker.invokeConfigurationMethod(Invoker.java:458)
at org.testng.internal.Invoker.invokeConfigurations(Invoker.java:222)
at org.testng.internal.Invoker.invokeConfigurations(Invoker.java:142)
at org.testng.TestRunner.beforeRun(TestRunner.java:529)
at org.testng.TestRunner.run(TestRunner.java:497)
at org.testng.SuiteRunner.runTest(SuiteRunner.java:455)
at org.testng.SuiteRunner.runSequentially(SuiteRunner.java:450)
at org.testng.SuiteRunner.privateRun(SuiteRunner.java:415)
at org.testng.SuiteRunner.run(SuiteRunner.java:364)
at org.testng.SuiteRunnerWorker.runSuite(SuiteRunnerWorker.java:52)
at org.testng.SuiteRunnerWorker.run(SuiteRunnerWorker.java:84)
at org.testng.TestNG.runSuitesSequentially(TestNG.java:1208)
at org.testng.TestNG.runSuitesLocally(TestNG.java:1137)
at org.testng.TestNG.runSuites(TestNG.java:1049)
at org.testng.TestNG.run(TestNG.java:1017)
at org.testng.remote.AbstractRemoteTestNG.run(AbstractRemoteTestNG.java:115)
at org.testng.remote.RemoteTestNG.initAndRun(RemoteTestNG.java:293)
at org.testng.remote.RemoteTestNG.main(RemoteTestNG.java:91)
]]>
    </error>
  </testcase> <!-- setup -->
  <testcase classname="Mytestpackage.Homepagetest" name="EmpBehind" time="0.000">
    <skipped/>
  </testcase> <!-- EmpBehind -->
  <testcase classname="Mytestpackage.Homepagetest" name="Emp360feedback" time="0.000">
    <skipped/>
  </testcase> <!-- Emp360feedback -->
  <testcase classname="Mytestpackage.Homepagetest" name="EmpLogOut" time="0.000">
    <skipped/>
  </testcase> <!-- EmpLogOut -->
  <testcase classname="Mytestpackage.Homepagetest" name="EmpMYGoal" time="0.000">
    <skipped/>
  </testcase> <!-- EmpMYGoal -->
  <testcase classname="Mytestpackage.Homepagetest" name="EmpNotStarted" time="0.000">
    <skipped/>
  </testcase> <!-- EmpNotStarted -->
  <testcase classname="Mytestpackage.Homepagetest" name="EmpPROGRESSSCORE" time="0.000">
    <skipped/>
  </testcase> <!-- EmpPROGRESSSCORE -->
  <testcase classname="Mytestpackage.Homepagetest" name="EmpPostponed" time="0.000">
    <skipped/>
  </testcase> <!-- EmpPostponed -->
  <testcase classname="Mytestpackage.Homepagetest" name="EmpstatusTest" time="0.000">
    <skipped/>
  </testcase> <!-- EmpstatusTest -->
  <testcase classname="Mytestpackage.Homepagetest" name="EmpASSIGNEDBY" time="0.000">
    <skipped/>
  </testcase> <!-- EmpASSIGNEDBY -->
  <testcase classname="Mytestpackage.Homepagetest" name="EmpADDNEWKRA" time="0.000">
    <skipped/>
  </testcase> <!-- EmpADDNEWKRA -->
  <testcase classname="Mytestpackage.Homepagetest" name="EmpCumulativeReports" time="0.000">
    <skipped/>
  </testcase> <!-- EmpCumulativeReports -->
  <testcase classname="Mytestpackage.Homepagetest" name="EmpPolicyDocs" time="0.000">
    <skipped/>
  </testcase> <!-- EmpPolicyDocs -->
  <testcase classname="Mytestpackage.Homepagetest" name="EmpProfileSettings" time="0.000">
    <skipped/>
  </testcase> <!-- EmpProfileSettings -->
  <testcase classname="Mytestpackage.Homepagetest" name="EmpClosed" time="0.000">
    <skipped/>
  </testcase> <!-- EmpClosed -->
  <testcase classname="Mytestpackage.Homepagetest" name="EmpOnTrack" time="0.000">
    <skipped/>
  </testcase> <!-- EmpOnTrack -->
  <testcase classname="Mytestpackage.Homepagetest" name="empgreetings" time="0.000">
    <skipped/>
  </testcase> <!-- empgreetings -->
  <testcase classname="Mytestpackage.Homepagetest" name="SubmitSelfAssessment" time="0.000">
    <skipped/>
  </testcase> <!-- SubmitSelfAssessment -->
  <testcase classname="Mytestpackage.Homepagetest" name="EmpNotApproved" time="0.000">
    <skipped/>
  </testcase> <!-- EmpNotApproved -->
  <testcase classname="Mytestpackage.Homepagetest" name="EmpAtRisk" time="0.000">
    <skipped/>
  </testcase> <!-- EmpAtRisk -->
</testsuite> <!-- Mytestpackage.Homepagetest -->
